<?xml version="1.0" encoding="UTF-8"?>
<testng-results skipped="0" failed="0" total="1" passed="1">
  <reporter-output>
  </reporter-output>
  <suite name="Default suite" duration-ms="3871" started-at="2015-06-23T07:40:42Z" finished-at="2015-06-23T07:40:46Z">
    <groups>
    </groups>
    <test name="Default test" duration-ms="3871" started-at="2015-06-23T07:40:42Z" finished-at="2015-06-23T07:40:46Z">
      <class name="WFTest.WFTest">
        <test-method status="PASS" signature="TestCase()[pri:0, instance:WFTest.WFTest@55182842]" name="TestCase" duration-ms="3863" started-at="2015-06-23T00:40:42Z" finished-at="2015-06-23T00:40:46Z">
          <reporter-output>
          </reporter-output>
        </test-method> <!-- TestCase -->
      </class> <!-- WFTest.WFTest -->
    </test> <!-- Default test -->
  </suite> <!-- Default suite -->
</testng-results>
